<?xml version="1.0" encoding="UTF-8"?>
<robot generator="Robot 6.1.1 (Python 3.9.13 on darwin)" generated="20231208 19:13:03.193" rpa="false" schemaversion="4">
<suite id="s1" name="Test-Suite-1" source="/Users/agungperdananto/Workspace/automation/basic-automation/project-demo/test-suite-1.robot">
<test id="s1-t1" name="testcase-1" line="21">
<kw name="Login Success">
<kw name="Open Browser" library="SeleniumLibrary">
<arg>http://127.0.0.1:8000</arg>
<arg>headlesschrome</arg>
<doc>Opens a new browser instance to the optional ``url``.</doc>
<msg timestamp="20231208 19:13:03.292" level="INFO">Opening browser 'headlesschrome' to base url 'http://127.0.0.1:8000'.</msg>
<status status="PASS" starttime="20231208 19:13:03.291" endtime="20231208 19:13:06.431"/>
</kw>
<kw name="Click Element" library="SeleniumLibrary">
<arg>xpath://a[@href='/login']</arg>
<doc>Click the element identified by ``locator``.</doc>
<msg timestamp="20231208 19:13:06.432" level="INFO">Clicking element 'xpath://a[@href='/login']'.</msg>
<status status="PASS" starttime="20231208 19:13:06.431" endtime="20231208 19:13:06.537"/>
</kw>
<kw name="Page Should Contain Element" library="SeleniumLibrary">
<arg>xpath://input[@name='email']</arg>
<doc>Verifies that element ``locator`` is found on the current page.</doc>
<msg timestamp="20231208 19:13:06.542" level="INFO">Current page contains element 'xpath://input[@name='email']'.</msg>
<status status="PASS" starttime="20231208 19:13:06.537" endtime="20231208 19:13:06.543"/>
</kw>
<kw name="Input Text" library="SeleniumLibrary">
<arg>name:email</arg>
<arg>${EMAIL}</arg>
<doc>Types the given ``text`` into the text field identified by ``locator``.</doc>
<msg timestamp="20231208 19:13:06.543" level="INFO">Typing text 'test@mail.com' into text field 'name:email'.</msg>
<status status="PASS" starttime="20231208 19:13:06.543" endtime="20231208 19:13:06.687"/>
</kw>
<kw name="Input Text" library="SeleniumLibrary">
<arg>name:password</arg>
<arg>${PASS-1}</arg>
<doc>Types the given ``text`` into the text field identified by ``locator``.</doc>
<msg timestamp="20231208 19:13:06.688" level="INFO">Typing text '123456' into text field 'name:password'.</msg>
<status status="PASS" starttime="20231208 19:13:06.688" endtime="20231208 19:13:06.721"/>
</kw>
<kw name="Click Element" library="SeleniumLibrary">
<arg>xpath://button[@type='submit']</arg>
<doc>Click the element identified by ``locator``.</doc>
<msg timestamp="20231208 19:13:06.721" level="INFO">Clicking element 'xpath://button[@type='submit']'.</msg>
<status status="PASS" starttime="20231208 19:13:06.721" endtime="20231208 19:13:06.839"/>
</kw>
<kw name="Page Should Contain Element" library="SeleniumLibrary">
<arg>xpath://a[@href='/listings/manage']</arg>
<doc>Verifies that element ``locator`` is found on the current page.</doc>
<msg timestamp="20231208 19:13:06.899" level="INFO">Current page contains element 'xpath://a[@href='/listings/manage']'.</msg>
<status status="PASS" starttime="20231208 19:13:06.839" endtime="20231208 19:13:06.900"/>
</kw>
<status status="PASS" starttime="20231208 19:13:03.291" endtime="20231208 19:13:06.900"/>
</kw>
<kw name="Close Browser" library="SeleniumLibrary">
<doc>Closes the current browser.</doc>
<status status="PASS" starttime="20231208 19:13:06.900" endtime="20231208 19:13:06.969"/>
</kw>
<status status="PASS" starttime="20231208 19:13:03.291" endtime="20231208 19:13:06.970"/>
</test>
<test id="s1-t2" name="testcase-2" line="26">
<kw name="Open Browser" library="SeleniumLibrary">
<arg>http://127.0.0.1:8000</arg>
<arg>headlesschrome</arg>
<doc>Opens a new browser instance to the optional ``url``.</doc>
<msg timestamp="20231208 19:13:06.970" level="INFO">Opening browser 'headlesschrome' to base url 'http://127.0.0.1:8000'.</msg>
<status status="PASS" starttime="20231208 19:13:06.970" endtime="20231208 19:13:08.301"/>
</kw>
<kw name="Click Element" library="SeleniumLibrary">
<arg>xpath://a[@href='/login']</arg>
<doc>Click the element identified by ``locator``.</doc>
<msg timestamp="20231208 19:13:08.302" level="INFO">Clicking element 'xpath://a[@href='/login']'.</msg>
<status status="PASS" starttime="20231208 19:13:08.301" endtime="20231208 19:13:08.381"/>
</kw>
<kw name="Page Should Contain Element" library="SeleniumLibrary">
<arg>xpath://input[@name='email']</arg>
<doc>Verifies that element ``locator`` is found on the current page.</doc>
<msg timestamp="20231208 19:13:08.386" level="INFO">Current page contains element 'xpath://input[@name='email']'.</msg>
<status status="PASS" starttime="20231208 19:13:08.381" endtime="20231208 19:13:08.386"/>
</kw>
<kw name="Input Text" library="SeleniumLibrary">
<arg>name:email</arg>
<arg>${EMAIL}</arg>
<doc>Types the given ``text`` into the text field identified by ``locator``.</doc>
<msg timestamp="20231208 19:13:08.386" level="INFO">Typing text 'test@mail.com' into text field 'name:email'.</msg>
<status status="PASS" starttime="20231208 19:13:08.386" endtime="20231208 19:13:08.492"/>
</kw>
<kw name="Input Text" library="SeleniumLibrary">
<arg>name:password</arg>
<arg>${PASS-2}</arg>
<doc>Types the given ``text`` into the text field identified by ``locator``.</doc>
<msg timestamp="20231208 19:13:08.493" level="INFO">Typing text 'xxs12s2' into text field 'name:password'.</msg>
<status status="PASS" starttime="20231208 19:13:08.493" endtime="20231208 19:13:08.528"/>
</kw>
<kw name="Click Element" library="SeleniumLibrary">
<arg>xpath://button[@type='submit']</arg>
<doc>Click the element identified by ``locator``.</doc>
<msg timestamp="20231208 19:13:08.529" level="INFO">Clicking element 'xpath://button[@type='submit']'.</msg>
<status status="PASS" starttime="20231208 19:13:08.528" endtime="20231208 19:13:08.828"/>
</kw>
<kw name="Page Should Not Contain Element" library="SeleniumLibrary">
<arg>xpath://a[@href='/listings/manage']</arg>
<doc>Verifies that element ``locator`` is not found on the current page.</doc>
<msg timestamp="20231208 19:13:08.835" level="INFO">Current page does not contain element 'xpath://a[@href='/listings/manage']'.</msg>
<status status="PASS" starttime="20231208 19:13:08.828" endtime="20231208 19:13:08.835"/>
</kw>
<kw name="Close Browser" library="SeleniumLibrary">
<doc>Closes the current browser.</doc>
<status status="PASS" starttime="20231208 19:13:08.835" endtime="20231208 19:13:08.906"/>
</kw>
<status status="PASS" starttime="20231208 19:13:06.970" endtime="20231208 19:13:08.907"/>
</test>
<test id="s1-t3" name="testcase-3" line="37">
<kw name="Open Browser" library="SeleniumLibrary">
<arg>http://127.0.0.1:8000</arg>
<arg>headlesschrome</arg>
<doc>Opens a new browser instance to the optional ``url``.</doc>
<msg timestamp="20231208 19:13:08.907" level="INFO">Opening browser 'headlesschrome' to base url 'http://127.0.0.1:8000'.</msg>
<status status="PASS" starttime="20231208 19:13:08.907" endtime="20231208 19:13:10.202"/>
</kw>
<kw name="Click Element" library="SeleniumLibrary">
<arg>xpath://a[@href='/login']</arg>
<doc>Click the element identified by ``locator``.</doc>
<msg timestamp="20231208 19:13:10.203" level="INFO">Clicking element 'xpath://a[@href='/login']'.</msg>
<status status="PASS" starttime="20231208 19:13:10.202" endtime="20231208 19:13:10.281"/>
</kw>
<kw name="Page Should Contain Element" library="SeleniumLibrary">
<arg>xpath://input[@name='email']</arg>
<doc>Verifies that element ``locator`` is found on the current page.</doc>
<msg timestamp="20231208 19:13:10.286" level="INFO">Current page contains element 'xpath://input[@name='email']'.</msg>
<status status="PASS" starttime="20231208 19:13:10.281" endtime="20231208 19:13:10.286"/>
</kw>
<kw name="Input Text" library="SeleniumLibrary">
<arg>name:email</arg>
<arg>${EMAIL}</arg>
<doc>Types the given ``text`` into the text field identified by ``locator``.</doc>
<msg timestamp="20231208 19:13:10.287" level="INFO">Typing text 'test@mail.com' into text field 'name:email'.</msg>
<status status="PASS" starttime="20231208 19:13:10.286" endtime="20231208 19:13:10.391"/>
</kw>
<kw name="Input Text" library="SeleniumLibrary">
<arg>name:password</arg>
<arg>${PASS-1}</arg>
<doc>Types the given ``text`` into the text field identified by ``locator``.</doc>
<msg timestamp="20231208 19:13:10.391" level="INFO">Typing text '123456' into text field 'name:password'.</msg>
<status status="PASS" starttime="20231208 19:13:10.391" endtime="20231208 19:13:10.428"/>
</kw>
<kw name="Click Element" library="SeleniumLibrary">
<arg>xpath://button[@type='submit']</arg>
<doc>Click the element identified by ``locator``.</doc>
<msg timestamp="20231208 19:13:10.428" level="INFO">Clicking element 'xpath://button[@type='submit']'.</msg>
<status status="PASS" starttime="20231208 19:13:10.428" endtime="20231208 19:13:10.584"/>
</kw>
<kw name="Page Should Contain Element" library="SeleniumLibrary">
<arg>xpath://a[@href='/listings/manage']</arg>
<doc>Verifies that element ``locator`` is found on the current page.</doc>
<msg timestamp="20231208 19:13:10.590" level="INFO">Current page contains element 'xpath://a[@href='/listings/manage']'.</msg>
<status status="PASS" starttime="20231208 19:13:10.585" endtime="20231208 19:13:10.590"/>
</kw>
<kw name="Click Element" library="SeleniumLibrary">
<arg>xpath://button[@id='logout']</arg>
<doc>Click the element identified by ``locator``.</doc>
<msg timestamp="20231208 19:13:10.590" level="INFO">Clicking element 'xpath://button[@id='logout']'.</msg>
<status status="PASS" starttime="20231208 19:13:10.590" endtime="20231208 19:13:10.675"/>
</kw>
<kw name="Page Should Contain Element" library="SeleniumLibrary">
<arg>xpath://a[@href='/login']</arg>
<doc>Verifies that element ``locator`` is found on the current page.</doc>
<msg timestamp="20231208 19:13:10.680" level="INFO">Current page contains element 'xpath://a[@href='/login']'.</msg>
<status status="PASS" starttime="20231208 19:13:10.675" endtime="20231208 19:13:10.680"/>
</kw>
<kw name="Close Browser" library="SeleniumLibrary">
<doc>Closes the current browser.</doc>
<status status="PASS" starttime="20231208 19:13:10.680" endtime="20231208 19:13:10.750"/>
</kw>
<status status="PASS" starttime="20231208 19:13:08.907" endtime="20231208 19:13:10.750"/>
</test>
<test id="s1-t4" name="testcase-4" line="50">
<kw name="Open Browser" library="SeleniumLibrary">
<arg>http://127.0.0.1:8000</arg>
<arg>headlesschrome</arg>
<doc>Opens a new browser instance to the optional ``url``.</doc>
<msg timestamp="20231208 19:13:10.751" level="INFO">Opening browser 'headlesschrome' to base url 'http://127.0.0.1:8000'.</msg>
<status status="PASS" starttime="20231208 19:13:10.750" endtime="20231208 19:13:12.002"/>
</kw>
<kw name="Click Element" library="SeleniumLibrary">
<arg>xpath://a[@href='/login']</arg>
<doc>Click the element identified by ``locator``.</doc>
<msg timestamp="20231208 19:13:12.003" level="INFO">Clicking element 'xpath://a[@href='/login']'.</msg>
<status status="PASS" starttime="20231208 19:13:12.002" endtime="20231208 19:13:12.080"/>
</kw>
<kw name="Page Should Contain Element" library="SeleniumLibrary">
<arg>xpath://input[@name='email']</arg>
<doc>Verifies that element ``locator`` is found on the current page.</doc>
<msg timestamp="20231208 19:13:12.085" level="INFO">Current page contains element 'xpath://input[@name='email']'.</msg>
<status status="PASS" starttime="20231208 19:13:12.080" endtime="20231208 19:13:12.085"/>
</kw>
<kw name="Input Text" library="SeleniumLibrary">
<arg>name:email</arg>
<arg>${EMAIL}</arg>
<doc>Types the given ``text`` into the text field identified by ``locator``.</doc>
<msg timestamp="20231208 19:13:12.086" level="INFO">Typing text 'test@mail.com' into text field 'name:email'.</msg>
<status status="PASS" starttime="20231208 19:13:12.085" endtime="20231208 19:13:12.188"/>
</kw>
<kw name="Input Text" library="SeleniumLibrary">
<arg>name:password</arg>
<arg>${PASS-1}</arg>
<doc>Types the given ``text`` into the text field identified by ``locator``.</doc>
<msg timestamp="20231208 19:13:12.188" level="INFO">Typing text '123456' into text field 'name:password'.</msg>
<status status="PASS" starttime="20231208 19:13:12.188" endtime="20231208 19:13:12.222"/>
</kw>
<kw name="Click Element" library="SeleniumLibrary">
<arg>xpath://button[@type='submit']</arg>
<doc>Click the element identified by ``locator``.</doc>
<msg timestamp="20231208 19:13:12.222" level="INFO">Clicking element 'xpath://button[@type='submit']'.</msg>
<status status="PASS" starttime="20231208 19:13:12.222" endtime="20231208 19:13:12.326"/>
</kw>
<kw name="Login Success">
<kw name="Open Browser" library="SeleniumLibrary">
<arg>http://127.0.0.1:8000</arg>
<arg>headlesschrome</arg>
<doc>Opens a new browser instance to the optional ``url``.</doc>
<msg timestamp="20231208 19:13:12.327" level="INFO">Opening browser 'headlesschrome' to base url 'http://127.0.0.1:8000'.</msg>
<status status="PASS" starttime="20231208 19:13:12.326" endtime="20231208 19:13:13.829"/>
</kw>
<kw name="Click Element" library="SeleniumLibrary">
<arg>xpath://a[@href='/login']</arg>
<doc>Click the element identified by ``locator``.</doc>
<msg timestamp="20231208 19:13:13.829" level="INFO">Clicking element 'xpath://a[@href='/login']'.</msg>
<status status="PASS" starttime="20231208 19:13:13.829" endtime="20231208 19:13:13.929"/>
</kw>
<kw name="Page Should Contain Element" library="SeleniumLibrary">
<arg>xpath://input[@name='email']</arg>
<doc>Verifies that element ``locator`` is found on the current page.</doc>
<msg timestamp="20231208 19:13:13.934" level="INFO">Current page contains element 'xpath://input[@name='email']'.</msg>
<status status="PASS" starttime="20231208 19:13:13.929" endtime="20231208 19:13:13.934"/>
</kw>
<kw name="Input Text" library="SeleniumLibrary">
<arg>name:email</arg>
<arg>${EMAIL}</arg>
<doc>Types the given ``text`` into the text field identified by ``locator``.</doc>
<msg timestamp="20231208 19:13:13.934" level="INFO">Typing text 'test@mail.com' into text field 'name:email'.</msg>
<status status="PASS" starttime="20231208 19:13:13.934" endtime="20231208 19:13:14.036"/>
</kw>
<kw name="Input Text" library="SeleniumLibrary">
<arg>name:password</arg>
<arg>${PASS-1}</arg>
<doc>Types the given ``text`` into the text field identified by ``locator``.</doc>
<msg timestamp="20231208 19:13:14.036" level="INFO">Typing text '123456' into text field 'name:password'.</msg>
<status status="PASS" starttime="20231208 19:13:14.036" endtime="20231208 19:13:14.068"/>
</kw>
<kw name="Click Element" library="SeleniumLibrary">
<arg>xpath://button[@type='submit']</arg>
<doc>Click the element identified by ``locator``.</doc>
<msg timestamp="20231208 19:13:14.069" level="INFO">Clicking element 'xpath://button[@type='submit']'.</msg>
<status status="PASS" starttime="20231208 19:13:14.068" endtime="20231208 19:13:14.229"/>
</kw>
<kw name="Page Should Contain Element" library="SeleniumLibrary">
<arg>xpath://a[@href='/listings/manage']</arg>
<doc>Verifies that element ``locator`` is found on the current page.</doc>
<msg timestamp="20231208 19:13:14.238" level="INFO">Current page contains element 'xpath://a[@href='/listings/manage']'.</msg>
<status status="PASS" starttime="20231208 19:13:14.230" endtime="20231208 19:13:14.238"/>
</kw>
<status status="PASS" starttime="20231208 19:13:12.326" endtime="20231208 19:13:14.238"/>
</kw>
<kw name="Page Should Contain Element" library="SeleniumLibrary">
<arg>xpath://a[@href='/listings/create']</arg>
<doc>Verifies that element ``locator`` is found on the current page.</doc>
<msg timestamp="20231208 19:13:14.244" level="INFO">Current page contains element 'xpath://a[@href='/listings/create']'.</msg>
<status status="PASS" starttime="20231208 19:13:14.238" endtime="20231208 19:13:14.245"/>
</kw>
<kw name="Click Element" library="SeleniumLibrary">
<arg>xpath://a[@href='/listings/create']</arg>
<doc>Click the element identified by ``locator``.</doc>
<msg timestamp="20231208 19:13:14.245" level="INFO">Clicking element 'xpath://a[@href='/listings/create']'.</msg>
<status status="PASS" starttime="20231208 19:13:14.245" endtime="20231208 19:13:14.315"/>
</kw>
<kw name="Page Should Contain Element" library="SeleniumLibrary">
<arg>xpath://input[@name='company']</arg>
<doc>Verifies that element ``locator`` is found on the current page.</doc>
<msg timestamp="20231208 19:13:14.321" level="INFO">Current page contains element 'xpath://input[@name='company']'.</msg>
<status status="PASS" starttime="20231208 19:13:14.315" endtime="20231208 19:13:14.321"/>
</kw>
<kw name="Input Text" library="SeleniumLibrary">
<arg>name:company</arg>
<arg>${COMPANY}</arg>
<doc>Types the given ``text`` into the text field identified by ``locator``.</doc>
<msg timestamp="20231208 19:13:14.321" level="INFO">Typing text 'global.inc' into text field 'name:company'.</msg>
<status status="PASS" starttime="20231208 19:13:14.321" endtime="20231208 19:13:14.354"/>
</kw>
<kw name="Input Text" library="SeleniumLibrary">
<arg>name:title</arg>
<arg>${TITLE}</arg>
<doc>Types the given ``text`` into the text field identified by ``locator``.</doc>
<msg timestamp="20231208 19:13:14.354" level="INFO">Typing text 'Senior Engineering manager' into text field 'name:title'.</msg>
<status status="PASS" starttime="20231208 19:13:14.354" endtime="20231208 19:13:14.397"/>
</kw>
<kw name="Input Text" library="SeleniumLibrary">
<arg>name:location</arg>
<arg>${LOCATION}</arg>
<doc>Types the given ``text`` into the text field identified by ``locator``.</doc>
<msg timestamp="20231208 19:13:14.398" level="INFO">Typing text 'Singapore' into text field 'name:location'.</msg>
<status status="PASS" starttime="20231208 19:13:14.397" endtime="20231208 19:13:14.434"/>
</kw>
<kw name="Input Text" library="SeleniumLibrary">
<arg>name:email</arg>
<arg>${JOBEMAIL}</arg>
<doc>Types the given ``text`` into the text field identified by ``locator``.</doc>
<msg timestamp="20231208 19:13:14.435" level="INFO">Typing text 'jobs@global.co' into text field 'name:email'.</msg>
<status status="PASS" starttime="20231208 19:13:14.435" endtime="20231208 19:13:14.467"/>
</kw>
<kw name="Input Text" library="SeleniumLibrary">
<arg>name:website</arg>
<arg>${WEBSITE}</arg>
<doc>Types the given ``text`` into the text field identified by ``locator``.</doc>
<msg timestamp="20231208 19:13:14.468" level="INFO">Typing text 'https://global.co' into text field 'name:website'.</msg>
<status status="PASS" starttime="20231208 19:13:14.467" endtime="20231208 19:13:14.502"/>
</kw>
<kw name="Input Text" library="SeleniumLibrary">
<arg>name:tags</arg>
<arg>${TAGS}</arg>
<doc>Types the given ``text`` into the text field identified by ``locator``.</doc>
<msg timestamp="20231208 19:13:14.503" level="INFO">Typing text 'engineering manager software' into text field 'name:tags'.</msg>
<status status="PASS" starttime="20231208 19:13:14.502" endtime="20231208 19:13:14.540"/>
</kw>
<kw name="Input Text" library="SeleniumLibrary">
<arg>name:description</arg>
<arg>${DESCRIPTION}</arg>
<doc>Types the given ``text`` into the text field identified by ``locator``.</doc>
<msg timestamp="20231208 19:13:14.540" level="INFO">Typing text 'Lorem ipsum dolor sit amet, consectetur adipiscing elit, sed do eiusmod tempor incididunt ut labore et dolore magna aliqua. Ut enim ad minim veniam, quis nostrud exercitation ullamco laboris nisi ut aliquip ex ea commodo consequat.' into text field 'name:description'.</msg>
<status status="PASS" starttime="20231208 19:13:14.540" endtime="20231208 19:13:14.608"/>
</kw>
<kw name="Scroll Down Until End">
<kw name="Execute Javascript" library="SeleniumLibrary">
<var>${previous_height}</var>
<arg>return document.body.scrollHeight;</arg>
<doc>Executes the given JavaScript code with possible arguments.</doc>
<msg timestamp="20231208 19:13:14.609" level="INFO">Executing JavaScript:
return document.body.scrollHeight;
Without any arguments.</msg>
<msg timestamp="20231208 19:13:14.612" level="INFO">${previous_height} = 1426</msg>
<status status="PASS" starttime="20231208 19:13:14.609" endtime="20231208 19:13:14.612"/>
</kw>
<for flavor="IN RANGE">
<var>${i}</var>
<value>10</value>
<iter>
<var name="${i}">0</var>
<kw name="Execute Javascript" library="SeleniumLibrary">
<arg>window.scrollTo(0, document.body.scrollHeight);</arg>
<doc>Executes the given JavaScript code with possible arguments.</doc>
<msg timestamp="20231208 19:13:14.612" level="INFO">Executing JavaScript:
window.scrollTo(0, document.body.scrollHeight);
Without any arguments.</msg>
<status status="PASS" starttime="20231208 19:13:14.612" endtime="20231208 19:13:14.614"/>
</kw>
<kw name="Sleep" library="BuiltIn">
<arg>1s</arg>
<doc>Pauses the test executed for the given time.</doc>
<msg timestamp="20231208 19:13:15.616" level="INFO">Slept 1 second</msg>
<status status="PASS" starttime="20231208 19:13:14.614" endtime="20231208 19:13:15.616"/>
</kw>
<kw name="Execute Javascript" library="SeleniumLibrary">
<var>${current_height}</var>
<arg>return document.body.scrollHeight;</arg>
<doc>Executes the given JavaScript code with possible arguments.</doc>
<msg timestamp="20231208 19:13:15.618" level="INFO">Executing JavaScript:
return document.body.scrollHeight;
Without any arguments.</msg>
<msg timestamp="20231208 19:13:15.625" level="INFO">${current_height} = 1426</msg>
<status status="PASS" starttime="20231208 19:13:15.617" endtime="20231208 19:13:15.625"/>
</kw>
<kw name="Exit For Loop If" library="BuiltIn">
<arg>'${current_height}' == '${previous_height}'</arg>
<doc>Stops executing the enclosing FOR loop if the ``condition`` is true.</doc>
<msg timestamp="20231208 19:13:15.627" level="INFO">Exiting for loop altogether.</msg>
<status status="PASS" starttime="20231208 19:13:15.626" endtime="20231208 19:13:15.627"/>
</kw>
<kw name="Set Variable" library="BuiltIn">
<var>${previous_height}</var>
<arg>${current_height}</arg>
<doc>Returns the given values which can then be assigned to a variables.</doc>
<status status="NOT RUN" starttime="20231208 19:13:15.627" endtime="20231208 19:13:15.628"/>
</kw>
<kw name="Sleep" library="BuiltIn">
<arg>2s</arg>
<doc>Pauses the test executed for the given time.</doc>
<status status="NOT RUN" starttime="20231208 19:13:15.628" endtime="20231208 19:13:15.628"/>
</kw>
<status status="PASS" starttime="20231208 19:13:14.612" endtime="20231208 19:13:15.628"/>
</iter>
<status status="PASS" starttime="20231208 19:13:14.612" endtime="20231208 19:13:15.628"/>
</for>
<status status="PASS" starttime="20231208 19:13:14.609" endtime="20231208 19:13:15.628"/>
</kw>
<kw name="Click Element" library="SeleniumLibrary">
<arg>xpath://button[@id='create']</arg>
<doc>Click the element identified by ``locator``.</doc>
<msg timestamp="20231208 19:13:15.629" level="INFO">Clicking element 'xpath://button[@id='create']'.</msg>
<status status="PASS" starttime="20231208 19:13:15.628" endtime="20231208 19:13:15.745"/>
</kw>
<kw name="Close Browser" library="SeleniumLibrary">
<doc>Closes the current browser.</doc>
<status status="PASS" starttime="20231208 19:13:15.745" endtime="20231208 19:13:15.813"/>
</kw>
<status status="PASS" starttime="20231208 19:13:10.750" endtime="20231208 19:13:15.814"/>
</test>
<status status="PASS" starttime="20231208 19:13:03.194" endtime="20231208 19:13:15.814"/>
</suite>
<statistics>
<total>
<stat pass="4" fail="0" skip="0">All Tests</stat>
</total>
<tag>
</tag>
<suite>
<stat pass="4" fail="0" skip="0" id="s1" name="Test-Suite-1">Test-Suite-1</stat>
</suite>
</statistics>
<errors>
</errors>
</robot>
